{"name": "test_get_user_by_username", "status": "failed", "statusDetails": {"message": "AssertionError: False is not true", "trace": "self = <api.pet_store.tests.test_user.TestUser testMethod=test_get_user_by_username>\n\n    def test_get_user_by_username(self):\n        \"\"\"\n        Test Case #10: Get user nay username.\n        Testing username get details after adding one + acceptance and status code.\n        Pre_conditions (adding a new user) is being managed in the setUp function.\n        \"\"\"\n        logging.info(\"10_______TEST (USER) BEGAN_______10\")\n        get_user_response = self._pet_store.get_user_by_username(self.user_details.username)\n        # ASSERT\n>       self.assertTrue(get_user_response.ok)\nE       AssertionError: False is not true\n\ntests\\test_user.py:100: AssertionError"}, "description": "\n        Test Case #10: Get user nay username.\n        Testing username get details after adding one + acceptance and status code.\n        Pre_conditions (adding a new user) is being managed in the setUp function.\n        ", "attachments": [{"name": "log", "source": "65424579-8ce8-4325-9eb3-1c860906b7fe-attachment.txt", "type": "text/plain"}], "start": 1722003988318, "stop": 1722003989603, "uuid": "e99af4b0-3d6d-4be1-a228-4dffb22043e4", "historyId": "96a116f89fcb0de8e40d1dd56a10f85d", "testCaseId": "96a116f89fcb0de8e40d1dd56a10f85d", "fullName": "tests.test_user.TestUser#test_get_user_by_username", "labels": [{"name": "parentSuite", "value": "tests"}, {"name": "suite", "value": "test_user"}, {"name": "subSuite", "value": "TestUser"}, {"name": "host", "value": "DESKTOP-DB3BQ5K"}, {"name": "thread", "value": "8268-MainThread"}, {"name": "framework", "value": "pytest"}, {"name": "language", "value": "cpython3"}, {"name": "package", "value": "tests.test_user"}]}